<?xml version="1.0" encoding="UTF-8"?>
<testng-results ignored="0" total="1" passed="1" failed="0" skipped="0">
  <reporter-output>
  </reporter-output>
  <suite started-at="2023-02-04T11:08:42 IST" name="Default suite" finished-at="2023-02-04T11:08:49 IST" duration-ms="7495">
    <groups>
    </groups>
    <test started-at="2023-02-04T11:08:42 IST" name="Default test" finished-at="2023-02-04T11:08:49 IST" duration-ms="7495">
      <class name="ClassRoom_Programs.Alerts">
        <test-method is-config="true" signature="beforeTest()[pri:0, instance:ClassRoom_Programs.Alerts@60d8c9b7]" started-at="2023-02-04T11:08:42 IST" name="beforeTest" finished-at="2023-02-04T11:08:46 IST" duration-ms="4371" status="PASS">
          <reporter-output>
          </reporter-output>
        </test-method> <!-- beforeTest -->
        <test-method signature="f()[pri:0, instance:ClassRoom_Programs.Alerts@60d8c9b7]" started-at="2023-02-04T11:08:46 IST" name="f" finished-at="2023-02-04T11:08:49 IST" duration-ms="3075" status="PASS">
          <reporter-output>
          </reporter-output>
        </test-method> <!-- f -->
        <test-method is-config="true" signature="afterTest()[pri:0, instance:ClassRoom_Programs.Alerts@60d8c9b7]" started-at="2023-02-04T11:08:49 IST" name="afterTest" finished-at="2023-02-04T11:08:49 IST" duration-ms="1" status="PASS">
          <reporter-output>
          </reporter-output>
        </test-method> <!-- afterTest -->
      </class> <!-- ClassRoom_Programs.Alerts -->
    </test> <!-- Default test -->
  </suite> <!-- Default suite -->
</testng-results>
